{
  "stats": {
    "suites": 10,
    "tests": 17,
    "passes": 17,
    "pending": 0,
    "failures": 0,
    "start": "2022-01-09T16:34:28.386Z",
    "end": "2022-01-09T16:35:52.796Z",
    "duration": 45437,
    "testsRegistered": 17,
    "passPercent": 100,
    "pendingPercent": 0,
    "other": 0,
    "hasOther": false,
    "skipped": 0,
    "hasSkipped": false
  },
  "results": [
    {
      "uuid": "d01ca4ab-5d7a-4d53-a230-abc008a425b1",
      "title": "",
      "fullFile": "cypress/integration/api/TC01_getBooks.spec.js",
      "file": "cypress/integration/api/TC01_getBooks.spec.js",
      "beforeHooks": [],
      "afterHooks": [],
      "tests": [],
      "suites": [
        {
          "uuid": "7ff741aa-9165-4e1f-9775-5988c9697929",
          "title": "GET /books",
          "fullFile": "",
          "file": "",
          "beforeHooks": [],
          "afterHooks": [],
          "tests": [
            {
              "title": "should fetch all books from api",
              "fullTitle": "GET /books should fetch all books from api",
              "timedOut": null,
              "duration": 151,
              "state": "passed",
              "speed": "fast",
              "pass": true,
              "fail": false,
              "pending": false,
              "context": null,
              "code": "cy.request('GET', 'http://localhost:8000/books').then(response => {\n  expect(response.status).equal(200);\n  expect(response.body.message).equal('all books have been fetched');\n  expect(response.body).to.have.property('status');\n  expect(response.body).to.have.property('result');\n  expect(response.body).to.have.property('data');\n});",
              "err": {},
              "uuid": "195a52be-0947-4c97-a04d-cc0d85762ba6",
              "parentUUID": "7ff741aa-9165-4e1f-9775-5988c9697929",
              "isHook": false,
              "skipped": false
            }
          ],
          "suites": [],
          "passes": [
            "195a52be-0947-4c97-a04d-cc0d85762ba6"
          ],
          "failures": [],
          "pending": [],
          "skipped": [],
          "duration": 151,
          "root": false,
          "rootEmpty": false,
          "_timeout": 2000
        }
      ],
      "passes": [],
      "failures": [],
      "pending": [],
      "skipped": [],
      "duration": 0,
      "root": true,
      "rootEmpty": true,
      "_timeout": 2000
    },
    {
      "uuid": "d78dac5d-911a-4a64-8c9c-0b9c20811bd8",
      "title": "",
      "fullFile": "cypress/integration/bookworm/TC001_IonTabs.spec.js",
      "file": "cypress/integration/bookworm/TC001_IonTabs.spec.js",
      "beforeHooks": [],
      "afterHooks": [],
      "tests": [],
      "suites": [
        {
          "uuid": "fca80dcf-bb61-41a1-8396-21db113fca51",
          "title": "Using IonTabs",
          "fullFile": "",
          "file": "",
          "beforeHooks": [],
          "afterHooks": [],
          "tests": [
            {
              "title": "should show author page",
              "fullTitle": "Using IonTabs should show author page",
              "timedOut": null,
              "duration": 2831,
              "state": "passed",
              "speed": "fast",
              "pass": true,
              "fail": false,
              "pending": false,
              "context": null,
              "code": "ionTabs.clickAuthorsTab();\nauthorsPage.checkUrl();\nauthorsPage.checkTitleIsVisible();\nauthorsPage.checkYouAreNotLoggedIn();",
              "err": {},
              "uuid": "0bd530c2-3288-4288-aa9a-5e7f95ebebe2",
              "parentUUID": "fca80dcf-bb61-41a1-8396-21db113fca51",
              "isHook": false,
              "skipped": false
            },
            {
              "title": "should show books page",
              "fullTitle": "Using IonTabs should show books page",
              "timedOut": null,
              "duration": 254,
              "state": "passed",
              "speed": "fast",
              "pass": true,
              "fail": false,
              "pending": false,
              "context": null,
              "code": "ionTabs.clickBooksTab();\nbooksPage.checkUrl();\nbooksPage.checkTitleIsVisible();\nbooksPage.checkYouAreNotLoggedIn();",
              "err": {},
              "uuid": "9cba4449-e4f2-4027-8895-1ae3702ea9d1",
              "parentUUID": "fca80dcf-bb61-41a1-8396-21db113fca51",
              "isHook": false,
              "skipped": false
            },
            {
              "title": "should show feedback page",
              "fullTitle": "Using IonTabs should show feedback page",
              "timedOut": null,
              "duration": 172,
              "state": "passed",
              "speed": "fast",
              "pass": true,
              "fail": false,
              "pending": false,
              "context": null,
              "code": "ionTabs.clickFeedbackTab();\nfeedbackPage.checkUrl();\nfeedbackPage.checkTitleIsVisible();\nfeedbackPage.checkYouAreNotLoggedIn;",
              "err": {},
              "uuid": "a78cf2f7-49d7-472e-b6f4-2d5637b22dad",
              "parentUUID": "fca80dcf-bb61-41a1-8396-21db113fca51",
              "isHook": false,
              "skipped": false
            },
            {
              "title": "should show home page",
              "fullTitle": "Using IonTabs should show home page",
              "timedOut": null,
              "duration": 188,
              "state": "passed",
              "speed": "fast",
              "pass": true,
              "fail": false,
              "pending": false,
              "context": null,
              "code": "ionTabs.clickHomeTab();\nhomePage.checkUrl();\nhomePage.checkTitleIsVisible();\nhomePage.checkWelcomeText();",
              "err": {},
              "uuid": "56961c55-e661-4240-aa03-6cdae566be04",
              "parentUUID": "fca80dcf-bb61-41a1-8396-21db113fca51",
              "isHook": false,
              "skipped": false
            }
          ],
          "suites": [],
          "passes": [
            "0bd530c2-3288-4288-aa9a-5e7f95ebebe2",
            "9cba4449-e4f2-4027-8895-1ae3702ea9d1",
            "a78cf2f7-49d7-472e-b6f4-2d5637b22dad",
            "56961c55-e661-4240-aa03-6cdae566be04"
          ],
          "failures": [],
          "pending": [],
          "skipped": [],
          "duration": 3445,
          "root": false,
          "rootEmpty": false,
          "_timeout": 2000
        }
      ],
      "passes": [],
      "failures": [],
      "pending": [],
      "skipped": [],
      "duration": 0,
      "root": true,
      "rootEmpty": true,
      "_timeout": 2000
    },
    {
      "uuid": "c6b40304-a1cb-4d5e-8845-d65c216b8e8e",
      "title": "",
      "fullFile": "cypress/integration/bookworm/TC002_Redirect.spec.js",
      "file": "cypress/integration/bookworm/TC002_Redirect.spec.js",
      "beforeHooks": [],
      "afterHooks": [],
      "tests": [],
      "suites": [
        {
          "uuid": "b071fc40-33a9-4b14-9119-d4953103d076",
          "title": "Visiting root",
          "fullFile": "",
          "file": "",
          "beforeHooks": [],
          "afterHooks": [],
          "tests": [
            {
              "title": "should redirect to home",
              "fullTitle": "Visiting root should redirect to home",
              "timedOut": null,
              "duration": 2550,
              "state": "passed",
              "speed": "fast",
              "pass": true,
              "fail": false,
              "pending": false,
              "context": null,
              "code": "cy.visit('/');\nhomePage.checkUrl();\nhomePage.checkTitleIsVisible();",
              "err": {},
              "uuid": "9905d2cd-34b3-4dc2-a002-f4beb63c78d4",
              "parentUUID": "b071fc40-33a9-4b14-9119-d4953103d076",
              "isHook": false,
              "skipped": false
            }
          ],
          "suites": [],
          "passes": [
            "9905d2cd-34b3-4dc2-a002-f4beb63c78d4"
          ],
          "failures": [],
          "pending": [],
          "skipped": [],
          "duration": 2550,
          "root": false,
          "rootEmpty": false,
          "_timeout": 2000
        }
      ],
      "passes": [],
      "failures": [],
      "pending": [],
      "skipped": [],
      "duration": 0,
      "root": true,
      "rootEmpty": true,
      "_timeout": 2000
    },
    {
      "uuid": "98420743-d9a8-4e6f-afc8-06c6002ca89d",
      "title": "",
      "fullFile": "cypress/integration/bookworm/TC003_404.spec.js",
      "file": "cypress/integration/bookworm/TC003_404.spec.js",
      "beforeHooks": [],
      "afterHooks": [],
      "tests": [],
      "suites": [
        {
          "uuid": "3da1d3c7-c843-4a76-966d-b8cb22591a20",
          "title": "Page not found",
          "fullFile": "",
          "file": "",
          "beforeHooks": [],
          "afterHooks": [],
          "tests": [
            {
              "title": "should display 404",
              "fullTitle": "Page not found should display 404",
              "timedOut": null,
              "duration": 2912,
              "state": "passed",
              "speed": "fast",
              "pass": true,
              "fail": false,
              "pending": false,
              "context": null,
              "code": "cy.visit('/home');\nhomePage.checkUrl();\nhomePage.checkTitleIsVisible();\npageNotFoundPage.visitUnknownUrl();\npageNotFoundPage.checkTitleIsVisible();\npageNotFoundPage.checkText();",
              "err": {},
              "uuid": "2f3e4a2e-f6cb-4231-8ab0-5ee34645673f",
              "parentUUID": "3da1d3c7-c843-4a76-966d-b8cb22591a20",
              "isHook": false,
              "skipped": false
            }
          ],
          "suites": [],
          "passes": [
            "2f3e4a2e-f6cb-4231-8ab0-5ee34645673f"
          ],
          "failures": [],
          "pending": [],
          "skipped": [],
          "duration": 2912,
          "root": false,
          "rootEmpty": false,
          "_timeout": 2000
        }
      ],
      "passes": [],
      "failures": [],
      "pending": [],
      "skipped": [],
      "duration": 0,
      "root": true,
      "rootEmpty": true,
      "_timeout": 2000
    },
    {
      "uuid": "443d261e-6909-4f32-81b9-ddf3e02f458e",
      "title": "",
      "fullFile": "cypress/integration/bookworm/TC004_Login.spec.js",
      "file": "cypress/integration/bookworm/TC004_Login.spec.js",
      "beforeHooks": [],
      "afterHooks": [],
      "tests": [],
      "suites": [
        {
          "uuid": "be39132e-60a3-4e42-b5f5-6faf602e5462",
          "title": "Login",
          "fullFile": "",
          "file": "",
          "beforeHooks": [],
          "afterHooks": [],
          "tests": [
            {
              "title": "should login successfully with valid credentials",
              "fullTitle": "Login should login successfully with valid credentials",
              "timedOut": null,
              "duration": 3766,
              "state": "passed",
              "speed": "fast",
              "pass": true,
              "fail": false,
              "pending": false,
              "context": null,
              "code": "cy.bookwormLogin(this.data.email, this.data.password);\nhomePage.checkUrl();\nhomePage.checkTitleIsVisible();\ntoolBar.clickLogOutButton();\nhomePage.checkUrl();\nhomePage.checkTitleIsVisible();\nhomePage.checkWelcomeText();",
              "err": {},
              "uuid": "b2184604-d5ee-4e50-b1e2-04d08ce87233",
              "parentUUID": "be39132e-60a3-4e42-b5f5-6faf602e5462",
              "isHook": false,
              "skipped": false
            },
            {
              "title": "should display error message with invalid credentials",
              "fullTitle": "Login should display error message with invalid credentials",
              "timedOut": null,
              "duration": 2779,
              "state": "passed",
              "speed": "fast",
              "pass": true,
              "fail": false,
              "pending": false,
              "context": null,
              "code": "cy.bookwormLogin(this.data.email, this.data.wrongPassword);\nloginPage.displayErrorMessage();",
              "err": {},
              "uuid": "0ad2234a-944f-458f-9fdf-e81954bddf55",
              "parentUUID": "be39132e-60a3-4e42-b5f5-6faf602e5462",
              "isHook": false,
              "skipped": false
            }
          ],
          "suites": [],
          "passes": [
            "b2184604-d5ee-4e50-b1e2-04d08ce87233",
            "0ad2234a-944f-458f-9fdf-e81954bddf55"
          ],
          "failures": [],
          "pending": [],
          "skipped": [],
          "duration": 6545,
          "root": false,
          "rootEmpty": false,
          "_timeout": 2000
        }
      ],
      "passes": [],
      "failures": [],
      "pending": [],
      "skipped": [],
      "duration": 0,
      "root": true,
      "rootEmpty": true,
      "_timeout": 2000
    },
    {
      "uuid": "fc34b608-4081-44be-b26e-0aebabacae69",
      "title": "",
      "fullFile": "cypress/integration/bookworm/TC005_Books.spec.js",
      "file": "cypress/integration/bookworm/TC005_Books.spec.js",
      "beforeHooks": [],
      "afterHooks": [],
      "tests": [],
      "suites": [
        {
          "uuid": "cc46cda3-64ba-47d6-b455-6f262751a1f0",
          "title": "BooksPage with mock",
          "fullFile": "",
          "file": "",
          "beforeHooks": [],
          "afterHooks": [],
          "tests": [
            {
              "title": "should display books",
              "fullTitle": "BooksPage with mock should display books",
              "timedOut": null,
              "duration": 5141,
              "state": "passed",
              "speed": "medium",
              "pass": true,
              "fail": false,
              "pending": false,
              "context": null,
              "code": "cy.intercept('GET', '**/books', {\n  fixture: 'books.json'\n});\ncy.bookwormLogin(this.data.email, this.data.password);\nionTabs.clickBooksTab();\nbooksPage.checkUrl();\nbooksPage.checkTitleIsVisible();\ncy.xpath(\"//div[normalize-space()='Fake Book 1']\").should('be.visible');\ncy.xpath(\"//div[normalize-space()='Fake Book 2']\").should('be.visible');\ncy.xpath(\"//div[normalize-space()='Fake Book 3']\").should('not.exist');\ntoolBar.clickLogOutButton();\nbooksPage.checkYouAreNotLoggedIn();",
              "err": {},
              "uuid": "d30ae196-8f1d-46d5-a28d-270761d20338",
              "parentUUID": "cc46cda3-64ba-47d6-b455-6f262751a1f0",
              "isHook": false,
              "skipped": false
            }
          ],
          "suites": [],
          "passes": [
            "d30ae196-8f1d-46d5-a28d-270761d20338"
          ],
          "failures": [],
          "pending": [],
          "skipped": [],
          "duration": 5141,
          "root": false,
          "rootEmpty": false,
          "_timeout": 2000
        }
      ],
      "passes": [],
      "failures": [],
      "pending": [],
      "skipped": [],
      "duration": 0,
      "root": true,
      "rootEmpty": true,
      "_timeout": 2000
    },
    {
      "uuid": "baed589f-32e0-44d6-92ce-8a871eb60bd0",
      "title": "",
      "fullFile": "cypress/integration/bookworm/TC006_Books.spec.js",
      "file": "cypress/integration/bookworm/TC006_Books.spec.js",
      "beforeHooks": [],
      "afterHooks": [],
      "tests": [],
      "suites": [
        {
          "uuid": "5d39ee17-6039-4c37-8ec5-b211049731d2",
          "title": "BooksPage with api",
          "fullFile": "",
          "file": "",
          "beforeHooks": [],
          "afterHooks": [],
          "tests": [
            {
              "title": "should display books",
              "fullTitle": "BooksPage with api should display books",
              "timedOut": null,
              "duration": 5804,
              "state": "passed",
              "speed": "medium",
              "pass": true,
              "fail": false,
              "pending": false,
              "context": null,
              "code": "ionTabs.clickBooksTab();\nbooksPage.checkUrl();\nbooksPage.checkTitleIsVisible();\ncy.reload();\nbooksPage.checkUrl();\nbooksPage.checkTitleIsVisible();",
              "err": {},
              "uuid": "13ec4a27-7d24-4ffd-a482-eb5b8ac0c19d",
              "parentUUID": "5d39ee17-6039-4c37-8ec5-b211049731d2",
              "isHook": false,
              "skipped": false
            },
            {
              "title": "should have functional tabs",
              "fullTitle": "BooksPage with api should have functional tabs",
              "timedOut": null,
              "duration": 609,
              "state": "passed",
              "speed": "fast",
              "pass": true,
              "fail": false,
              "pending": false,
              "context": null,
              "code": "booksPage.checkTabOverviewIsVisible();\nbooksPage.checkTabStatisticsIsVisible();\nbooksPage.clickTabStatitics();\nbooksPage.clickTabOverview();",
              "err": {},
              "uuid": "6d754e00-b86c-49ca-aaac-093d05be1705",
              "parentUUID": "5d39ee17-6039-4c37-8ec5-b211049731d2",
              "isHook": false,
              "skipped": false
            },
            {
              "title": "should be able to log out",
              "fullTitle": "BooksPage with api should be able to log out",
              "timedOut": null,
              "duration": 46,
              "state": "passed",
              "speed": "fast",
              "pass": true,
              "fail": false,
              "pending": false,
              "context": null,
              "code": "toolBar.clickLogOutButton();\nbooksPage.checkYouAreNotLoggedIn();",
              "err": {},
              "uuid": "72c30fdb-40ef-4945-9258-b0cbecf97110",
              "parentUUID": "5d39ee17-6039-4c37-8ec5-b211049731d2",
              "isHook": false,
              "skipped": false
            }
          ],
          "suites": [],
          "passes": [
            "13ec4a27-7d24-4ffd-a482-eb5b8ac0c19d",
            "6d754e00-b86c-49ca-aaac-093d05be1705",
            "72c30fdb-40ef-4945-9258-b0cbecf97110"
          ],
          "failures": [],
          "pending": [],
          "skipped": [],
          "duration": 6459,
          "root": false,
          "rootEmpty": false,
          "_timeout": 2000
        }
      ],
      "passes": [],
      "failures": [],
      "pending": [],
      "skipped": [],
      "duration": 0,
      "root": true,
      "rootEmpty": true,
      "_timeout": 2000
    },
    {
      "uuid": "65837bcd-ee60-4fc6-bc74-f89bcad9361b",
      "title": "",
      "fullFile": "cypress/integration/bookworm/TC007_LocalStorage.spec.js",
      "file": "cypress/integration/bookworm/TC007_LocalStorage.spec.js",
      "beforeHooks": [],
      "afterHooks": [],
      "tests": [],
      "suites": [
        {
          "uuid": "7d650a42-1291-47ff-8131-4bd4a35c0aaf",
          "title": "Remove token from local storage",
          "fullFile": "",
          "file": "",
          "beforeHooks": [],
          "afterHooks": [],
          "tests": [
            {
              "title": "should show you are not logged in",
              "fullTitle": "Remove token from local storage should show you are not logged in",
              "timedOut": null,
              "duration": 7322,
              "state": "passed",
              "speed": "medium",
              "pass": true,
              "fail": false,
              "pending": false,
              "context": null,
              "code": "cy.bookwormLogin(this.data.email, this.data.password);\nionTabs.clickBooksTab();\nbooksPage.checkUrl();\nbooksPage.checkTitleIsVisible();\ncy.clearLocalStorage('token');\ncy.wait(1000);\ncy.reload();\ncy.wait(1000);\nbooksPage.checkYouAreNotLoggedIn();",
              "err": {},
              "uuid": "7ed1011b-bde2-4a5b-8827-401ae7e328ba",
              "parentUUID": "7d650a42-1291-47ff-8131-4bd4a35c0aaf",
              "isHook": false,
              "skipped": false
            }
          ],
          "suites": [],
          "passes": [
            "7ed1011b-bde2-4a5b-8827-401ae7e328ba"
          ],
          "failures": [],
          "pending": [],
          "skipped": [],
          "duration": 7322,
          "root": false,
          "rootEmpty": false,
          "_timeout": 2000
        }
      ],
      "passes": [],
      "failures": [],
      "pending": [],
      "skipped": [],
      "duration": 0,
      "root": true,
      "rootEmpty": true,
      "_timeout": 2000
    },
    {
      "uuid": "6ee8f5a6-14bb-4c94-aa0f-f616e2e0a846",
      "title": "",
      "fullFile": "cypress/integration/bookworm/TC008_KeyBoard.spec.js",
      "file": "cypress/integration/bookworm/TC008_KeyBoard.spec.js",
      "beforeHooks": [],
      "afterHooks": [],
      "tests": [],
      "suites": [
        {
          "uuid": "951b9717-6d8b-4699-954f-7291a46c51e6",
          "title": "Login",
          "fullFile": "",
          "file": "",
          "beforeHooks": [],
          "afterHooks": [],
          "tests": [
            {
              "title": "should submit by pressing enter",
              "fullTitle": "Login should submit by pressing enter",
              "timedOut": null,
              "duration": 4695,
              "state": "passed",
              "speed": "fast",
              "pass": true,
              "fail": false,
              "pending": false,
              "context": null,
              "code": "cy.visit('/');\nhomePage.checkTitleIsVisible();\ntoolBar.clickLogInButton();\nloginPage.checkUrl();\nloginPage.checkTitleIsVisible();\nloginPage.enterEmail(this.data.email);\ncy.get('input[type=\"password\"]').type(this.data.password + '{enter}');\nionTabs.clickBooksTab();\nbooksPage.checkUrl();\nbooksPage.checkTitleIsVisible();",
              "err": {},
              "uuid": "017ebfb3-6023-4f2e-8047-63509301d7e1",
              "parentUUID": "951b9717-6d8b-4699-954f-7291a46c51e6",
              "isHook": false,
              "skipped": false
            }
          ],
          "suites": [],
          "passes": [
            "017ebfb3-6023-4f2e-8047-63509301d7e1"
          ],
          "failures": [],
          "pending": [],
          "skipped": [],
          "duration": 4695,
          "root": false,
          "rootEmpty": false,
          "_timeout": 2000
        }
      ],
      "passes": [],
      "failures": [],
      "pending": [],
      "skipped": [],
      "duration": 0,
      "root": true,
      "rootEmpty": true,
      "_timeout": 2000
    },
    {
      "uuid": "cedeeae4-8583-4e0c-a8f4-ac2ce52ef7ea",
      "title": "",
      "fullFile": "cypress/integration/bookworm/TC009_Authors.spec.js",
      "file": "cypress/integration/bookworm/TC009_Authors.spec.js",
      "beforeHooks": [],
      "afterHooks": [],
      "tests": [],
      "suites": [
        {
          "uuid": "816546cf-ee0e-438a-99c2-93ece978b740",
          "title": "AuthorsPage with api",
          "fullFile": "",
          "file": "",
          "beforeHooks": [],
          "afterHooks": [],
          "tests": [
            {
              "title": "should display authors",
              "fullTitle": "AuthorsPage with api should display authors",
              "timedOut": null,
              "duration": 5160,
              "state": "passed",
              "speed": "medium",
              "pass": true,
              "fail": false,
              "pending": false,
              "context": null,
              "code": "ionTabs.clickAuthorsTab();\nauthorsPage.checkUrl();\nauthorsPage.checkTitleIsVisible();",
              "err": {},
              "uuid": "573fa1af-237e-4f38-a0e4-71dcf4653b90",
              "parentUUID": "816546cf-ee0e-438a-99c2-93ece978b740",
              "isHook": false,
              "skipped": false
            },
            {
              "title": "should have functional tabs",
              "fullTitle": "AuthorsPage with api should have functional tabs",
              "timedOut": null,
              "duration": 1057,
              "state": "passed",
              "speed": "fast",
              "pass": true,
              "fail": false,
              "pending": false,
              "context": null,
              "code": "authorsPage.checkTabOverviewIsVisible();\nauthorsPage.checkTabStatisticsIsVisible();\nauthorsPage.clickTabStatitics();\nauthorsPage.clickTabOverview();",
              "err": {},
              "uuid": "5273bafd-1ace-4dbe-8867-c3c2824c761b",
              "parentUUID": "816546cf-ee0e-438a-99c2-93ece978b740",
              "isHook": false,
              "skipped": false
            }
          ],
          "suites": [],
          "passes": [
            "573fa1af-237e-4f38-a0e4-71dcf4653b90",
            "5273bafd-1ace-4dbe-8867-c3c2824c761b"
          ],
          "failures": [],
          "pending": [],
          "skipped": [],
          "duration": 6217,
          "root": false,
          "rootEmpty": false,
          "_timeout": 2000
        }
      ],
      "passes": [],
      "failures": [],
      "pending": [],
      "skipped": [],
      "duration": 0,
      "root": true,
      "rootEmpty": true,
      "_timeout": 2000
    }
  ],
  "meta": {
    "mocha": {
      "version": "7.0.1"
    },
    "mochawesome": {
      "options": {
        "quiet": false,
        "reportFilename": "mochawesome",
        "saveHtml": false,
        "saveJson": true,
        "consoleReporter": "spec",
        "useInlineDiffs": false,
        "code": true
      },
      "version": "7.0.1"
    },
    "marge": {
      "options": {
        "id": "default",
        "reportDir": "cypress/reports/mocha",
        "quite": true,
        "overwrite": false,
        "html": false,
        "json": true
      },
      "version": "6.0.1"
    }
  }
}